<?xml version="1.0" encoding="UTF-8"?>
<testng-results ignored="0" total="1" passed="1" failed="0" skipped="0">
  <reporter-output>
  </reporter-output>
  <suite started-at="2023-07-12T03:00:22 EET" name="Default suite" finished-at="2023-07-12T03:02:01 EET" duration-ms="98404">
    <groups>
    </groups>
    <test started-at="2023-07-12T03:00:22 EET" name="Default test" finished-at="2023-07-12T03:02:01 EET" duration-ms="98404">
      <class name="Tests.TestAmazonWebsite">
        <test-method is-config="true" signature="startDriver()[pri:0, instance:Tests.TestAmazonWebsite@4310d43]" started-at="2023-07-12T03:00:19 EET" name="startDriver" finished-at="2023-07-12T03:00:22 EET" duration-ms="3238" status="PASS">
          <reporter-output>
          </reporter-output>
        </test-method> <!-- startDriver -->
        <test-method signature="UserCanclickAllSuccessfully(java.lang.String,java.lang.String,java.lang.String,java.lang.String,java.lang.String,java.lang.String,java.lang.String,java.lang.String,java.lang.String)[pri:1, instance:Tests.TestAmazonWebsite@4310d43]" started-at="2023-07-12T03:00:23 EET" name="UserCanclickAllSuccessfully" data-provider="MyData" finished-at="2023-07-12T03:02:01 EET" duration-ms="97701" status="PASS">
          <params>
            <param index="0">
              <value>
                <![CDATA[Saramagdydarwish@gmail.com]]>
              </value>
            </param>
            <param index="1">
              <value>
                <![CDATA[123456S]]>
              </value>
            </param>
            <param index="2">
              <value>
                <![CDATA[sara magdy]]>
              </value>
            </param>
            <param index="3">
              <value>
                <![CDATA[1060242286]]>
              </value>
            </param>
            <param index="4">
              <value>
                <![CDATA[cairo- 10 omar bn khattab]]>
              </value>
            </param>
            <param index="5">
              <value>
                <![CDATA[111.0]]>
              </value>
            </param>
            <param index="6">
              <value>
                <![CDATA[cairo]]>
              </value>
            </param>
            <param index="7">
              <value>
                <![CDATA[cairo]]>
              </value>
            </param>
            <param index="8">
              <value>
                <![CDATA[cairo]]>
              </value>
            </param>
          </params>
          <reporter-output>
          </reporter-output>
        </test-method> <!-- UserCanclickAllSuccessfully -->
        <test-method is-config="true" signature="screenshotOnFailure(org.testng.ITestResult)[pri:0, instance:Tests.TestAmazonWebsite@4310d43]" started-at="2023-07-12T03:02:01 EET" name="screenshotOnFailure" finished-at="2023-07-12T03:02:01 EET" duration-ms="1" status="PASS">
          <params>
            <param index="0">
              <value>
                <![CDATA[[TestResult name=UserCanclickAllSuccessfully status=SUCCESS method=TestAmazonWebsite.UserCanclickAllSuccessfully(java.lang.String,java.lang.String,java.lang.String,java.lang.String,java.lang.String,java.lang.String,java.lang.String,java.lang.String,java.lang.String)[pri:1, instance:Tests.TestAmazonWebsite@4310d43] output={null}]]]>
              </value>
            </param>
          </params>
          <reporter-output>
          </reporter-output>
        </test-method> <!-- screenshotOnFailure -->
        <test-method is-config="true" signature="stopDriver()[pri:0, instance:Tests.TestAmazonWebsite@4310d43]" started-at="2023-07-12T03:02:01 EET" name="stopDriver" finished-at="2023-07-12T03:02:01 EET" duration-ms="569" status="PASS">
          <reporter-output>
          </reporter-output>
        </test-method> <!-- stopDriver -->
      </class> <!-- Tests.TestAmazonWebsite -->
    </test> <!-- Default test -->
  </suite> <!-- Default suite -->
</testng-results>
